[2026-03-10T08:46:51+08:00] POST /api/v1/register HTTP/1.1 400 522.4µs "Apifox Offline Space/1.0.0 (https://apifox.com)" 
[2026-03-10T08:47:00+08:00] POST /api/v1/login HTTP/1.1 200 52.7674ms "Apifox Offline Space/1.0.0 (https://apifox.com)" 
[2026-03-10T08:48:29+08:00] POST /api/v1/posts HTTP/1.1 200 2.5732ms "Apifox Offline Space/1.0.0 (https://apifox.com)" 
[2026-03-10T08:48:44+08:00] GET /api/v1/posts HTTP/1.1 200 0s "Apifox Offline Space/1.0.0 (https://apifox.com)" 
[2026-03-10T08:49:17+08:00] GET /api/v1/posts/1 HTTP/1.1 200 0s "Apifox Offline Space/1.0.0 (https://apifox.com)" 
[2026-03-10T08:49:26+08:00] GET /api/v1/posts HTTP/1.1 200 0s "Apifox Offline Space/1.0.0 (https://apifox.com)" 
[2026-03-10T08:50:42+08:00] PUT /api/v1/posts/1 HTTP/1.1 200 1.5351ms "Apifox Offline Space/1.0.0 (https://apifox.com)" 
[2026-03-10T08:50:48+08:00] GET /api/v1/posts/1 HTTP/1.1 200 0s "Apifox Offline Space/1.0.0 (https://apifox.com)" 
[2026-03-10T08:50:58+08:00] DELETE /api/v1/posts/1 HTTP/1.1 200 2.571ms "Apifox Offline Space/1.0.0 (https://apifox.com)" 
[2026-03-10T08:51:09+08:00] POST /api/v1/posts HTTP/1.1 200 2.604ms "Apifox Offline Space/1.0.0 (https://apifox.com)" 
[2026-03-10T08:51:14+08:00] GET /api/v1/posts HTTP/1.1 200 0s "Apifox Offline Space/1.0.0 (https://apifox.com)" 
[2026-03-10T08:51:46+08:00] POST /api/v1/posts/2/comments HTTP/1.1 200 3.1092ms "Apifox Offline Space/1.0.0 (https://apifox.com)" 
[2026-03-10T08:51:54+08:00] GET /api/v1/posts/2/comments HTTP/1.1 200 0s "Apifox Offline Space/1.0.0 (https://apifox.com)" 
[2026-03-10T08:54:40+08:00] PUT /api/v1/posts/2/comments/1 HTTP/1.1 200 2.0552ms "Apifox Offline Space/1.0.0 (https://apifox.com)" 
[2026-03-10T08:54:44+08:00] GET /api/v1/posts/2/comments/1 HTTP/1.1 200 0s "Apifox Offline Space/1.0.0 (https://apifox.com)" 
[2026-03-10T08:54:49+08:00] DELETE /api/v1/posts/2/comments/1 HTTP/1.1 200 2.8056ms "Apifox Offline Space/1.0.0 (https://apifox.com)" 
[2026-03-10T08:55:03+08:00] POST /api/v1/posts/2/comments HTTP/1.1 200 1.5457ms "Apifox Offline Space/1.0.0 (https://apifox.com)" 
[2026-03-10T08:55:05+08:00] GET /api/v1/posts/2/comments HTTP/1.1 200 504.4µs "Apifox Offline Space/1.0.0 (https://apifox.com)" 
[2026-03-10T08:57:53+08:00] GET /api/v1/posts/2/comments HTTP/1.1 200 520.5µs "Apifox Offline Space/1.0.0 (https://apifox.com)" 
[2026-03-10T08:58:22+08:00] GET /api/v1/posts/2/comments HTTP/1.1 200 730.5µs "Apifox Offline Space/1.0.0 (https://apifox.com)" 
[2026-03-10T08:58:43+08:00] GET /api/v1/posts/2/comments HTTP/1.1 200 504.9µs "Apifox Offline Space/1.0.0 (https://apifox.com)" 
[2026-03-10T09:14:33+08:00] GET /api/v1/posts/2/comments HTTP/1.1 200 503.4µs "Apifox Offline Space/1.0.0 (https://apifox.com)" 
[2026-03-10T09:18:02+08:00] POST /api/v1/posts/2/comments HTTP/1.1 200 3.1577ms "Apifox Offline Space/1.0.0 (https://apifox.com)" 
[2026-03-10T09:18:06+08:00] GET /api/v1/posts/2/comments HTTP/1.1 200 0s "Apifox Offline Space/1.0.0 (https://apifox.com)" 
[2026-03-10T09:19:15+08:00] POST /api/v1/login HTTP/1.1 200 51.6598ms "Apifox Offline Space/1.0.0 (https://apifox.com)" 
[2026-03-10T09:20:01+08:00] POST /api/v1/posts HTTP/1.1 200 1.5467ms "Apifox Offline Space/1.0.0 (https://apifox.com)" 
[2026-03-10T09:20:05+08:00] GET /api/v1/posts HTTP/1.1 200 0s "Apifox Offline Space/1.0.0 (https://apifox.com)" 
[2026-03-10T09:27:43+08:00] POST /api/v1/posts HTTP/1.1 200 1m15.8052166s "Apifox Offline Space/1.0.0 (https://apifox.com)" 
[2026-03-10T09:29:45+08:00] POST /api/v1/posts/4/comment HTTP/1.1 404 0s "Apifox Offline Space/1.0.0 (https://apifox.com)" 
[2026-03-10T09:30:05+08:00] POST /api/v1/posts/4/comments HTTP/1.1 200 15.3869135s "Apifox Offline Space/1.0.0 (https://apifox.com)" 
