2026/03/10 08:44:51 服务启动成功: 0.0.0.0:8080
2026/03/10 08:46:51 用户注册失败: 用户名 admin 已存在
2026/03/10 08:47:00 用户登录成功: ID=1, Username=admin
2026/03/10 08:48:29 认证成功: UserID=1, Username=admin
2026/03/10 08:48:29 文章创建成功: ID=1, UserID=0
2026/03/10 08:48:44 获取文章列表成功: Count=1
2026/03/10 08:49:26 获取文章列表成功: Count=1
2026/03/10 08:50:42 认证成功: UserID=1, Username=admin
2026/03/10 08:50:42 文章更新成功: ID=1, UserID=0
2026/03/10 08:50:58 认证成功: UserID=1, Username=admin
2026/03/10 08:50:58 文章删除成功: ID=1, UserID=0
2026/03/10 08:51:09 认证成功: UserID=1, Username=admin
2026/03/10 08:51:09 文章创建成功: ID=2, UserID=0
2026/03/10 08:51:14 获取文章列表成功: Count=1
2026/03/10 08:51:46 认证成功: UserID=1, Username=admin
2026/03/10 08:51:46 评论创建成功: CommentID=1, PostID=2, UserID=0
2026/03/10 08:51:54 获取评论列表成功: PostID=2, Count=1
2026/03/10 08:54:40 认证成功: UserID=1, Username=admin
2026/03/10 08:54:40 评论更新成功: CommentID=1, UserID=0
2026/03/10 08:54:49 认证成功: UserID=1, Username=admin
2026/03/10 08:54:49 评论删除成功: CommentID=1, UserID=0
2026/03/10 08:55:03 认证成功: UserID=1, Username=admin
2026/03/10 08:55:03 评论创建成功: CommentID=2, PostID=2, UserID=0
2026/03/10 08:55:05 获取评论列表成功: PostID=2, Count=1
2026/03/10 08:57:37 服务启动成功: 0.0.0.0:8080
2026/03/10 08:57:53 获取评论列表成功: PostID=2, Count=1
2026/03/10 08:58:17 服务启动成功: 0.0.0.0:8080
2026/03/10 08:58:22 获取评论列表成功: PostID=2, Count=1
2026/03/10 08:58:42 服务启动成功: 0.0.0.0:8080
2026/03/10 08:58:43 获取评论列表成功: PostID=2, Count=1
2026/03/10 09:14:28 服务启动成功: 0.0.0.0:8080
2026/03/10 09:14:33 获取评论列表成功: PostID=2, Count=1
2026/03/10 09:18:02 认证成功: UserID=1, Username=admin
2026/03/10 09:18:02 评论创建成功: CommentID=3, PostID=2, UserID=0
2026/03/10 09:18:06 获取评论列表成功: PostID=2, Count=2
2026/03/10 09:19:15 用户登录成功: ID=1, Username=admin
2026/03/10 09:20:01 认证成功: UserID=1, Username=admin
2026/03/10 09:20:01 文章创建成功: ID=3, UserID=0
2026/03/10 09:20:05 获取文章列表成功: Count=2
2026/03/10 09:24:37 服务启动成功: 0.0.0.0:8080
2026/03/10 09:26:28 认证成功: UserID=1, Username=admin
2026/03/10 09:27:16 文章创建成功: ID=4, UserID=1
2026/03/10 09:29:50 认证成功: UserID=1, Username=admin
2026/03/10 09:30:05 评论创建成功: CommentID=4, PostID=4, UserID=0
